GAS LISTING C:\Users\zanil\AppData\Local\Temp\ccEzEO9c.s 			page 1


   1              		.file	"read.c"
   2              		.option nopic
   3              		.attribute arch, "rv32i2p0_m2p0_a2p0_c2p0"
   4              		.attribute unaligned_access, 0
   5              		.attribute stack_align, 16
   6              		.text
   7              	.Ltext0:
   8              		.cfi_sections	.debug_frame
   9              		.section	.text._read,"ax",@progbits
  10              		.align	1
  11              		.globl	_read
  13              	_read:
  14              	.LFB1:
  15              		.file 1 "./../../firmware/RISCV/stubs/read.c"
   1:./../../firmware/RISCV/stubs/read.c **** /* See LICENSE of license details. */
   2:./../../firmware/RISCV/stubs/read.c **** 
   3:./../../firmware/RISCV/stubs/read.c **** #include <stdint.h>
   4:./../../firmware/RISCV/stubs/read.c **** #include <errno.h>
   5:./../../firmware/RISCV/stubs/read.c **** #include <unistd.h>
   6:./../../firmware/RISCV/stubs/read.c **** #include <sys/types.h>
   7:./../../firmware/RISCV/stubs/read.c **** 
   8:./../../firmware/RISCV/stubs/read.c **** #include "stub.h"
   9:./../../firmware/RISCV/stubs/read.c **** 
  10:./../../firmware/RISCV/stubs/read.c **** ssize_t _read(int fd, void* ptr, size_t len)
  11:./../../firmware/RISCV/stubs/read.c **** {
  16              		.loc 1 11 1
  17              		.cfi_startproc
  18              	.LVL0:
  12:./../../firmware/RISCV/stubs/read.c ****   return _stub(EBADF);
  19              		.loc 1 12 3
  20              		.file 2 "./../../firmware/RISCV/stubs/stub.h"
   1:./../../firmware/RISCV/stubs/stub.h **** /* See LICENSE of license details. */
   2:./../../firmware/RISCV/stubs/stub.h **** #ifndef _NUCLEI_SYS_STUB_H
   3:./../../firmware/RISCV/stubs/stub.h **** #define _NUCLEI_SYS_STUB_H
   4:./../../firmware/RISCV/stubs/stub.h **** 
   5:./../../firmware/RISCV/stubs/stub.h **** #include <stdint.h>
   6:./../../firmware/RISCV/stubs/stub.h **** #if   defined (__GNUC__)
   7:./../../firmware/RISCV/stubs/stub.h **** #include <unistd.h>
   8:./../../firmware/RISCV/stubs/stub.h **** #endif
   9:./../../firmware/RISCV/stubs/stub.h **** 
  10:./../../firmware/RISCV/stubs/stub.h **** void write_hex(int fd, unsigned long int hex);
  11:./../../firmware/RISCV/stubs/stub.h **** 
  12:./../../firmware/RISCV/stubs/stub.h **** static inline int _stub(int err)
  13:./../../firmware/RISCV/stubs/stub.h **** {
  14:./../../firmware/RISCV/stubs/stub.h ****   return -1;
  21              		.loc 2 14 3
  13:./../../firmware/RISCV/stubs/read.c **** }
  22              		.loc 1 13 1 is_stmt 0
  23 0000 7D55     		li	a0,-1
  24              	.LVL1:
  25 0002 8280     		ret
  26              		.cfi_endproc
  27              	.LFE1:
  29              		.text
  30              	.Letext0:
  31              		.file 3 "c:\\kth\\digtal teknik\\risc1\\toolchain-gd32v-v202-win\\compiler\\lib\\gcc\\riscv64-unkn
  32              		.file 4 "c:\\kth\\digtal teknik\\risc1\\toolchain-gd32v-v202-win\\compiler\\riscv64-unknown-elf\\i
GAS LISTING C:\Users\zanil\AppData\Local\Temp\ccEzEO9c.s 			page 2


  33              		.file 5 "c:\\kth\\digtal teknik\\risc1\\toolchain-gd32v-v202-win\\compiler\\riscv64-unknown-elf\\i
  34              		.file 6 "c:\\kth\\digtal teknik\\risc1\\toolchain-gd32v-v202-win\\compiler\\riscv64-unknown-elf\\i
  35              		.file 7 "c:\\kth\\digtal teknik\\risc1\\toolchain-gd32v-v202-win\\compiler\\riscv64-unknown-elf\\i
  36              		.file 8 "c:\\kth\\digtal teknik\\risc1\\toolchain-gd32v-v202-win\\compiler\\riscv64-unknown-elf\\i
  37              		.file 9 "c:\\kth\\digtal teknik\\risc1\\toolchain-gd32v-v202-win\\compiler\\riscv64-unknown-elf\\i
GAS LISTING C:\Users\zanil\AppData\Local\Temp\ccEzEO9c.s 			page 3


DEFINED SYMBOLS
                            *ABS*:0000000000000000 read.c
C:\Users\zanil\AppData\Local\Temp\ccEzEO9c.s:13     .text._read:0000000000000000 _read
C:\Users\zanil\AppData\Local\Temp\ccEzEO9c.s:17     .text._read:0000000000000000 .L0 
C:\Users\zanil\AppData\Local\Temp\ccEzEO9c.s:19     .text._read:0000000000000000 .L0 
C:\Users\zanil\AppData\Local\Temp\ccEzEO9c.s:21     .text._read:0000000000000000 .L0 
C:\Users\zanil\AppData\Local\Temp\ccEzEO9c.s:22     .text._read:0000000000000000 .L0 
C:\Users\zanil\AppData\Local\Temp\ccEzEO9c.s:23     .text._read:0000000000000000 .L0 
C:\Users\zanil\AppData\Local\Temp\ccEzEO9c.s:26     .text._read:0000000000000004 .L0 
C:\Users\zanil\AppData\Local\Temp\ccEzEO9c.s:29     .text._read:0000000000000004 .L0 
                     .debug_frame:0000000000000000 .L0 
C:\Users\zanil\AppData\Local\Temp\ccEzEO9c.s:1569   .debug_abbrev:0000000000000000 .Ldebug_abbrev0
C:\Users\zanil\AppData\Local\Temp\ccEzEO9c.s:2338   .debug_str:000000000000046f .LASF130
C:\Users\zanil\AppData\Local\Temp\ccEzEO9c.s:2142   .debug_str:000000000000009a .LASF131
C:\Users\zanil\AppData\Local\Temp\ccEzEO9c.s:2154   .debug_str:00000000000000f5 .LASF132
C:\Users\zanil\AppData\Local\Temp\ccEzEO9c.s:2106   .debug_ranges:0000000000000000 .Ldebug_ranges0
C:\Users\zanil\AppData\Local\Temp\ccEzEO9c.s:2112   .debug_line:0000000000000000 .Ldebug_line0
C:\Users\zanil\AppData\Local\Temp\ccEzEO9c.s:2150   .debug_str:00000000000000e3 .LASF0
C:\Users\zanil\AppData\Local\Temp\ccEzEO9c.s:2270   .debug_str:0000000000000344 .LASF1
C:\Users\zanil\AppData\Local\Temp\ccEzEO9c.s:2276   .debug_str:0000000000000360 .LASF2
C:\Users\zanil\AppData\Local\Temp\ccEzEO9c.s:2220   .debug_str:000000000000025b .LASF3
C:\Users\zanil\AppData\Local\Temp\ccEzEO9c.s:2166   .debug_str:0000000000000164 .LASF4
C:\Users\zanil\AppData\Local\Temp\ccEzEO9c.s:2214   .debug_str:000000000000023c .LASF5
C:\Users\zanil\AppData\Local\Temp\ccEzEO9c.s:2148   .debug_str:00000000000000d5 .LASF6
C:\Users\zanil\AppData\Local\Temp\ccEzEO9c.s:2132   .debug_str:000000000000005a .LASF7
C:\Users\zanil\AppData\Local\Temp\ccEzEO9c.s:2206   .debug_str:0000000000000218 .LASF8
C:\Users\zanil\AppData\Local\Temp\ccEzEO9c.s:2118   .debug_str:0000000000000012 .LASF10
C:\Users\zanil\AppData\Local\Temp\ccEzEO9c.s:2250   .debug_str:00000000000002e5 .LASF9
C:\Users\zanil\AppData\Local\Temp\ccEzEO9c.s:2234   .debug_str:00000000000002a6 .LASF11
C:\Users\zanil\AppData\Local\Temp\ccEzEO9c.s:2262   .debug_str:000000000000031b .LASF12
C:\Users\zanil\AppData\Local\Temp\ccEzEO9c.s:2322   .debug_str:0000000000000432 .LASF13
C:\Users\zanil\AppData\Local\Temp\ccEzEO9c.s:2358   .debug_str:000000000000054f .LASF14
C:\Users\zanil\AppData\Local\Temp\ccEzEO9c.s:2230   .debug_str:0000000000000298 .LASF15
C:\Users\zanil\AppData\Local\Temp\ccEzEO9c.s:2208   .debug_str:0000000000000225 .LASF16
C:\Users\zanil\AppData\Local\Temp\ccEzEO9c.s:2314   .debug_str:0000000000000410 .LASF17
C:\Users\zanil\AppData\Local\Temp\ccEzEO9c.s:2316   .debug_str:0000000000000418 .LASF18
C:\Users\zanil\AppData\Local\Temp\ccEzEO9c.s:2286   .debug_str:0000000000000388 .LASF19
C:\Users\zanil\AppData\Local\Temp\ccEzEO9c.s:2344   .debug_str:0000000000000505 .LASF20
C:\Users\zanil\AppData\Local\Temp\ccEzEO9c.s:2266   .debug_str:000000000000032c .LASF21
C:\Users\zanil\AppData\Local\Temp\ccEzEO9c.s:2192   .debug_str:00000000000001db .LASF22
C:\Users\zanil\AppData\Local\Temp\ccEzEO9c.s:2196   .debug_str:00000000000001ec .LASF27
C:\Users\zanil\AppData\Local\Temp\ccEzEO9c.s:2334   .debug_str:000000000000045c .LASF23
C:\Users\zanil\AppData\Local\Temp\ccEzEO9c.s:2308   .debug_str:00000000000003fb .LASF24
C:\Users\zanil\AppData\Local\Temp\ccEzEO9c.s:2190   .debug_str:00000000000001d5 .LASF25
C:\Users\zanil\AppData\Local\Temp\ccEzEO9c.s:2352   .debug_str:000000000000053a .LASF26
C:\Users\zanil\AppData\Local\Temp\ccEzEO9c.s:2204   .debug_str:0000000000000213 .LASF28
C:\Users\zanil\AppData\Local\Temp\ccEzEO9c.s:2146   .debug_str:00000000000000cc .LASF29
C:\Users\zanil\AppData\Local\Temp\ccEzEO9c.s:2328   .debug_str:0000000000000446 .LASF30
C:\Users\zanil\AppData\Local\Temp\ccEzEO9c.s:2156   .debug_str:0000000000000137 .LASF31
C:\Users\zanil\AppData\Local\Temp\ccEzEO9c.s:2382   .debug_str:00000000000005ba .LASF32
C:\Users\zanil\AppData\Local\Temp\ccEzEO9c.s:2256   .debug_str:00000000000002ff .LASF33
C:\Users\zanil\AppData\Local\Temp\ccEzEO9c.s:2244   .debug_str:00000000000002cb .LASF34
C:\Users\zanil\AppData\Local\Temp\ccEzEO9c.s:2354   .debug_str:000000000000053f .LASF35
C:\Users\zanil\AppData\Local\Temp\ccEzEO9c.s:2278   .debug_str:000000000000036a .LASF36
C:\Users\zanil\AppData\Local\Temp\ccEzEO9c.s:2368   .debug_str:000000000000057a .LASF37
C:\Users\zanil\AppData\Local\Temp\ccEzEO9c.s:2160   .debug_str:0000000000000146 .LASF38
C:\Users\zanil\AppData\Local\Temp\ccEzEO9c.s:2186   .debug_str:00000000000001c8 .LASF39
GAS LISTING C:\Users\zanil\AppData\Local\Temp\ccEzEO9c.s 			page 4


C:\Users\zanil\AppData\Local\Temp\ccEzEO9c.s:2114   .debug_str:0000000000000000 .LASF40
C:\Users\zanil\AppData\Local\Temp\ccEzEO9c.s:2340   .debug_str:00000000000004f7 .LASF41
C:\Users\zanil\AppData\Local\Temp\ccEzEO9c.s:2170   .debug_str:0000000000000174 .LASF42
C:\Users\zanil\AppData\Local\Temp\ccEzEO9c.s:2258   .debug_str:0000000000000308 .LASF43
C:\Users\zanil\AppData\Local\Temp\ccEzEO9c.s:2300   .debug_str:00000000000003cb .LASF44
C:\Users\zanil\AppData\Local\Temp\ccEzEO9c.s:2188   .debug_str:00000000000001d0 .LASF45
C:\Users\zanil\AppData\Local\Temp\ccEzEO9c.s:2280   .debug_str:0000000000000374 .LASF46
C:\Users\zanil\AppData\Local\Temp\ccEzEO9c.s:2268   .debug_str:000000000000033e .LASF47
C:\Users\zanil\AppData\Local\Temp\ccEzEO9c.s:2116   .debug_str:000000000000000c .LASF48
C:\Users\zanil\AppData\Local\Temp\ccEzEO9c.s:2288   .debug_str:0000000000000393 .LASF49
C:\Users\zanil\AppData\Local\Temp\ccEzEO9c.s:2168   .debug_str:000000000000016d .LASF50
C:\Users\zanil\AppData\Local\Temp\ccEzEO9c.s:2216   .debug_str:000000000000024e .LASF51
C:\Users\zanil\AppData\Local\Temp\ccEzEO9c.s:2134   .debug_str:0000000000000071 .LASF52
C:\Users\zanil\AppData\Local\Temp\ccEzEO9c.s:2162   .debug_str:0000000000000154 .LASF53
C:\Users\zanil\AppData\Local\Temp\ccEzEO9c.s:2200   .debug_str:0000000000000203 .LASF54
C:\Users\zanil\AppData\Local\Temp\ccEzEO9c.s:2242   .debug_str:00000000000002c4 .LASF55
C:\Users\zanil\AppData\Local\Temp\ccEzEO9c.s:2318   .debug_str:0000000000000420 .LASF56
C:\Users\zanil\AppData\Local\Temp\ccEzEO9c.s:2372   .debug_str:0000000000000594 .LASF57
C:\Users\zanil\AppData\Local\Temp\ccEzEO9c.s:2152   .debug_str:00000000000000ef .LASF58
C:\Users\zanil\AppData\Local\Temp\ccEzEO9c.s:2364   .debug_str:000000000000056c .LASF59
C:\Users\zanil\AppData\Local\Temp\ccEzEO9c.s:2174   .debug_str:0000000000000183 .LASF60
C:\Users\zanil\AppData\Local\Temp\ccEzEO9c.s:2180   .debug_str:00000000000001a1 .LASF61
C:\Users\zanil\AppData\Local\Temp\ccEzEO9c.s:2126   .debug_str:0000000000000034 .LASF62
C:\Users\zanil\AppData\Local\Temp\ccEzEO9c.s:2236   .debug_str:00000000000002ad .LASF63
C:\Users\zanil\AppData\Local\Temp\ccEzEO9c.s:2292   .debug_str:00000000000003a5 .LASF64
C:\Users\zanil\AppData\Local\Temp\ccEzEO9c.s:2238   .debug_str:00000000000002b3 .LASF65
C:\Users\zanil\AppData\Local\Temp\ccEzEO9c.s:2310   .debug_str:0000000000000403 .LASF66
C:\Users\zanil\AppData\Local\Temp\ccEzEO9c.s:2324   .debug_str:000000000000043a .LASF67
C:\Users\zanil\AppData\Local\Temp\ccEzEO9c.s:2172   .debug_str:000000000000017c .LASF68
C:\Users\zanil\AppData\Local\Temp\ccEzEO9c.s:2210   .debug_str:000000000000022c .LASF69
C:\Users\zanil\AppData\Local\Temp\ccEzEO9c.s:2194   .debug_str:00000000000001e4 .LASF70
C:\Users\zanil\AppData\Local\Temp\ccEzEO9c.s:2298   .debug_str:00000000000003c6 .LASF71
C:\Users\zanil\AppData\Local\Temp\ccEzEO9c.s:2122   .debug_str:0000000000000021 .LASF72
C:\Users\zanil\AppData\Local\Temp\ccEzEO9c.s:2306   .debug_str:00000000000003e2 .LASF73
C:\Users\zanil\AppData\Local\Temp\ccEzEO9c.s:2302   .debug_str:00000000000003d0 .LASF74
C:\Users\zanil\AppData\Local\Temp\ccEzEO9c.s:2260   .debug_str:0000000000000310 .LASF75
C:\Users\zanil\AppData\Local\Temp\ccEzEO9c.s:2304   .debug_str:00000000000003d8 .LASF76
C:\Users\zanil\AppData\Local\Temp\ccEzEO9c.s:2228   .debug_str:0000000000000290 .LASF77
C:\Users\zanil\AppData\Local\Temp\ccEzEO9c.s:2202   .debug_str:0000000000000209 .LASF78
C:\Users\zanil\AppData\Local\Temp\ccEzEO9c.s:2380   .debug_str:00000000000005b5 .LASF79
C:\Users\zanil\AppData\Local\Temp\ccEzEO9c.s:2264   .debug_str:0000000000000322 .LASF80
C:\Users\zanil\AppData\Local\Temp\ccEzEO9c.s:2212   .debug_str:0000000000000234 .LASF81
C:\Users\zanil\AppData\Local\Temp\ccEzEO9c.s:2178   .debug_str:0000000000000199 .LASF82
C:\Users\zanil\AppData\Local\Temp\ccEzEO9c.s:2272   .debug_str:0000000000000352 .LASF83
C:\Users\zanil\AppData\Local\Temp\ccEzEO9c.s:2222   .debug_str:000000000000026e .LASF84
C:\Users\zanil\AppData\Local\Temp\ccEzEO9c.s:2362   .debug_str:0000000000000562 .LASF85
C:\Users\zanil\AppData\Local\Temp\ccEzEO9c.s:2164   .debug_str:000000000000015c .LASF86
C:\Users\zanil\AppData\Local\Temp\ccEzEO9c.s:2158   .debug_str:0000000000000141 .LASF87
C:\Users\zanil\AppData\Local\Temp\ccEzEO9c.s:2326   .debug_str:0000000000000441 .LASF88
C:\Users\zanil\AppData\Local\Temp\ccEzEO9c.s:2284   .debug_str:0000000000000381 .LASF89
C:\Users\zanil\AppData\Local\Temp\ccEzEO9c.s:2356   .debug_str:0000000000000549 .LASF90
C:\Users\zanil\AppData\Local\Temp\ccEzEO9c.s:2218   .debug_str:0000000000000254 .LASF91
C:\Users\zanil\AppData\Local\Temp\ccEzEO9c.s:2282   .debug_str:000000000000037b .LASF92
C:\Users\zanil\AppData\Local\Temp\ccEzEO9c.s:2120   .debug_str:0000000000000019 .LASF93
C:\Users\zanil\AppData\Local\Temp\ccEzEO9c.s:2312   .debug_str:000000000000040a .LASF94
C:\Users\zanil\AppData\Local\Temp\ccEzEO9c.s:2332   .debug_str:0000000000000456 .LASF95
C:\Users\zanil\AppData\Local\Temp\ccEzEO9c.s:2342   .debug_str:0000000000000500 .LASF96
GAS LISTING C:\Users\zanil\AppData\Local\Temp\ccEzEO9c.s 			page 5


C:\Users\zanil\AppData\Local\Temp\ccEzEO9c.s:2350   .debug_str:000000000000052d .LASF97
C:\Users\zanil\AppData\Local\Temp\ccEzEO9c.s:2336   .debug_str:0000000000000462 .LASF98
C:\Users\zanil\AppData\Local\Temp\ccEzEO9c.s:2226   .debug_str:0000000000000283 .LASF99
C:\Users\zanil\AppData\Local\Temp\ccEzEO9c.s:2370   .debug_str:0000000000000585 .LASF100
C:\Users\zanil\AppData\Local\Temp\ccEzEO9c.s:2198   .debug_str:00000000000001f4 .LASF101
C:\Users\zanil\AppData\Local\Temp\ccEzEO9c.s:2294   .debug_str:00000000000003ae .LASF102
C:\Users\zanil\AppData\Local\Temp\ccEzEO9c.s:2374   .debug_str:000000000000059b .LASF103
C:\Users\zanil\AppData\Local\Temp\ccEzEO9c.s:2296   .debug_str:00000000000003b9 .LASF104
C:\Users\zanil\AppData\Local\Temp\ccEzEO9c.s:2378   .debug_str:00000000000005a7 .LASF105
C:\Users\zanil\AppData\Local\Temp\ccEzEO9c.s:2144   .debug_str:00000000000000be .LASF106
C:\Users\zanil\AppData\Local\Temp\ccEzEO9c.s:2360   .debug_str:0000000000000558 .LASF107
C:\Users\zanil\AppData\Local\Temp\ccEzEO9c.s:2224   .debug_str:0000000000000277 .LASF108
C:\Users\zanil\AppData\Local\Temp\ccEzEO9c.s:2346   .debug_str:000000000000050d .LASF109
C:\Users\zanil\AppData\Local\Temp\ccEzEO9c.s:2184   .debug_str:00000000000001ba .LASF110
C:\Users\zanil\AppData\Local\Temp\ccEzEO9c.s:2140   .debug_str:000000000000008b .LASF111
C:\Users\zanil\AppData\Local\Temp\ccEzEO9c.s:2182   .debug_str:00000000000001a9 .LASF112
C:\Users\zanil\AppData\Local\Temp\ccEzEO9c.s:2128   .debug_str:000000000000003a .LASF113
C:\Users\zanil\AppData\Local\Temp\ccEzEO9c.s:2130   .debug_str:0000000000000049 .LASF114
C:\Users\zanil\AppData\Local\Temp\ccEzEO9c.s:2274   .debug_str:0000000000000357 .LASF115
C:\Users\zanil\AppData\Local\Temp\ccEzEO9c.s:2254   .debug_str:00000000000002f8 .LASF116
C:\Users\zanil\AppData\Local\Temp\ccEzEO9c.s:2246   .debug_str:00000000000002d5 .LASF117
C:\Users\zanil\AppData\Local\Temp\ccEzEO9c.s:2366   .debug_str:0000000000000572 .LASF118
C:\Users\zanil\AppData\Local\Temp\ccEzEO9c.s:2136   .debug_str:000000000000007a .LASF133
C:\Users\zanil\AppData\Local\Temp\ccEzEO9c.s:2320   .debug_str:0000000000000426 .LASF119
C:\Users\zanil\AppData\Local\Temp\ccEzEO9c.s:2348   .debug_str:000000000000051a .LASF120
C:\Users\zanil\AppData\Local\Temp\ccEzEO9c.s:2176   .debug_str:000000000000018c .LASF121
C:\Users\zanil\AppData\Local\Temp\ccEzEO9c.s:2290   .debug_str:000000000000039b .LASF122
C:\Users\zanil\AppData\Local\Temp\ccEzEO9c.s:2124   .debug_str:000000000000002c .LASF123
C:\Users\zanil\AppData\Local\Temp\ccEzEO9c.s:2232   .debug_str:000000000000029e .LASF124
C:\Users\zanil\AppData\Local\Temp\ccEzEO9c.s:2248   .debug_str:00000000000002de .LASF125
C:\Users\zanil\AppData\Local\Temp\ccEzEO9c.s:2252   .debug_str:00000000000002f1 .LASF126
C:\Users\zanil\AppData\Local\Temp\ccEzEO9c.s:2330   .debug_str:000000000000044f .LASF127
C:\Users\zanil\AppData\Local\Temp\ccEzEO9c.s:2376   .debug_str:00000000000005a0 .LASF128
C:\Users\zanil\AppData\Local\Temp\ccEzEO9c.s:2240   .debug_str:00000000000002bb .LASF129
C:\Users\zanil\AppData\Local\Temp\ccEzEO9c.s:14     .text._read:0000000000000000 .LFB1
C:\Users\zanil\AppData\Local\Temp\ccEzEO9c.s:27     .text._read:0000000000000004 .LFE1
C:\Users\zanil\AppData\Local\Temp\ccEzEO9c.s:2079   .debug_loc:0000000000000000 .LLST0
C:\Users\zanil\AppData\Local\Temp\ccEzEO9c.s:2138   .debug_str:0000000000000085 .LASF134
C:\Users\zanil\AppData\Local\Temp\ccEzEO9c.s:18     .text._read:0000000000000000 .LVL0
C:\Users\zanil\AppData\Local\Temp\ccEzEO9c.s:24     .text._read:0000000000000002 .LVL1
C:\Users\zanil\AppData\Local\Temp\ccEzEO9c.s:39     .debug_info:0000000000000000 .Ldebug_info0

NO UNDEFINED SYMBOLS
